Started GET "/" for 127.0.0.1 at 2018-02-27 18:43:16 -0300
Processing by Rails::WelcomeController#index as HTML
  Rendering /var/lib/gems/2.3.0/gems/railties-5.1.5/lib/rails/templates/rails/welcome/index.html.erb
  Rendered /var/lib/gems/2.3.0/gems/railties-5.1.5/lib/rails/templates/rails/welcome/index.html.erb (9.0ms)
Completed 200 OK in 337ms (Views: 39.8ms)


Started GET "/" for 127.0.0.1 at 2018-02-27 18:54:58 -0300
  
ActionController::RoutingError (uninitialized constant WelcomeController):
  
activesupport (5.1.5) lib/active_support/inflector/methods.rb:269:in `const_get'
activesupport (5.1.5) lib/active_support/inflector/methods.rb:269:in `block in constantize'
activesupport (5.1.5) lib/active_support/inflector/methods.rb:267:in `each'
activesupport (5.1.5) lib/active_support/inflector/methods.rb:267:in `inject'
activesupport (5.1.5) lib/active_support/inflector/methods.rb:267:in `constantize'
actionpack (5.1.5) lib/action_dispatch/http/request.rb:85:in `controller_class_for'
actionpack (5.1.5) lib/action_dispatch/http/request.rb:78:in `controller_class'
actionpack (5.1.5) lib/action_dispatch/routing/route_set.rb:43:in `controller'
actionpack (5.1.5) lib/action_dispatch/routing/route_set.rb:29:in `serve'
actionpack (5.1.5) lib/action_dispatch/journey/router.rb:50:in `block in serve'
actionpack (5.1.5) lib/action_dispatch/journey/router.rb:33:in `each'
actionpack (5.1.5) lib/action_dispatch/journey/router.rb:33:in `serve'
actionpack (5.1.5) lib/action_dispatch/routing/route_set.rb:844:in `call'
rack (2.0.4) lib/rack/etag.rb:25:in `call'
rack (2.0.4) lib/rack/conditional_get.rb:25:in `call'
rack (2.0.4) lib/rack/head.rb:12:in `call'
rack (2.0.4) lib/rack/session/abstract/id.rb:232:in `context'
rack (2.0.4) lib/rack/session/abstract/id.rb:226:in `call'
actionpack (5.1.5) lib/action_dispatch/middleware/cookies.rb:613:in `call'
activerecord (5.1.5) lib/active_record/migration.rb:556:in `call'
actionpack (5.1.5) lib/action_dispatch/middleware/callbacks.rb:26:in `block in call'
activesupport (5.1.5) lib/active_support/callbacks.rb:97:in `run_callbacks'
actionpack (5.1.5) lib/action_dispatch/middleware/callbacks.rb:24:in `call'
actionpack (5.1.5) lib/action_dispatch/middleware/executor.rb:12:in `call'
actionpack (5.1.5) lib/action_dispatch/middleware/debug_exceptions.rb:59:in `call'
web-console (3.5.1) lib/web_console/middleware.rb:135:in `call_app'
web-console (3.5.1) lib/web_console/middleware.rb:28:in `block in call'
web-console (3.5.1) lib/web_console/middleware.rb:18:in `catch'
web-console (3.5.1) lib/web_console/middleware.rb:18:in `call'
actionpack (5.1.5) lib/action_dispatch/middleware/show_exceptions.rb:31:in `call'
railties (5.1.5) lib/rails/rack/logger.rb:36:in `call_app'
railties (5.1.5) lib/rails/rack/logger.rb:24:in `block in call'
activesupport (5.1.5) lib/active_support/tagged_logging.rb:69:in `block in tagged'
activesupport (5.1.5) lib/active_support/tagged_logging.rb:26:in `tagged'
activesupport (5.1.5) lib/active_support/tagged_logging.rb:69:in `tagged'
railties (5.1.5) lib/rails/rack/logger.rb:24:in `call'
sprockets-rails (3.2.1) lib/sprockets/rails/quiet_assets.rb:13:in `call'
actionpack (5.1.5) lib/action_dispatch/middleware/remote_ip.rb:79:in `call'
actionpack (5.1.5) lib/action_dispatch/middleware/request_id.rb:25:in `call'
rack (2.0.4) lib/rack/method_override.rb:22:in `call'
rack (2.0.4) lib/rack/runtime.rb:22:in `call'
activesupport (5.1.5) lib/active_support/cache/strategy/local_cache_middleware.rb:27:in `call'
actionpack (5.1.5) lib/action_dispatch/middleware/executor.rb:12:in `call'
actionpack (5.1.5) lib/action_dispatch/middleware/static.rb:125:in `call'
rack (2.0.4) lib/rack/sendfile.rb:111:in `call'
railties (5.1.5) lib/rails/engine.rb:522:in `call'
puma (3.11.2) lib/puma/configuration.rb:225:in `call'
puma (3.11.2) lib/puma/server.rb:624:in `handle_request'
puma (3.11.2) lib/puma/server.rb:438:in `process_client'
puma (3.11.2) lib/puma/server.rb:302:in `block in run'
puma (3.11.2) lib/puma/thread_pool.rb:120:in `block in spawn_thread'
Started GET "/" for 127.0.0.1 at 2018-02-27 18:55:10 -0300
  
ActionController::RoutingError (uninitialized constant WelcomeController):
  
activesupport (5.1.5) lib/active_support/inflector/methods.rb:269:in `const_get'
activesupport (5.1.5) lib/active_support/inflector/methods.rb:269:in `block in constantize'
activesupport (5.1.5) lib/active_support/inflector/methods.rb:267:in `each'
activesupport (5.1.5) lib/active_support/inflector/methods.rb:267:in `inject'
activesupport (5.1.5) lib/active_support/inflector/methods.rb:267:in `constantize'
actionpack (5.1.5) lib/action_dispatch/http/request.rb:85:in `controller_class_for'
actionpack (5.1.5) lib/action_dispatch/http/request.rb:78:in `controller_class'
actionpack (5.1.5) lib/action_dispatch/routing/route_set.rb:43:in `controller'
actionpack (5.1.5) lib/action_dispatch/routing/route_set.rb:29:in `serve'
actionpack (5.1.5) lib/action_dispatch/journey/router.rb:50:in `block in serve'
actionpack (5.1.5) lib/action_dispatch/journey/router.rb:33:in `each'
actionpack (5.1.5) lib/action_dispatch/journey/router.rb:33:in `serve'
actionpack (5.1.5) lib/action_dispatch/routing/route_set.rb:844:in `call'
rack (2.0.4) lib/rack/etag.rb:25:in `call'
rack (2.0.4) lib/rack/conditional_get.rb:25:in `call'
rack (2.0.4) lib/rack/head.rb:12:in `call'
rack (2.0.4) lib/rack/session/abstract/id.rb:232:in `context'
rack (2.0.4) lib/rack/session/abstract/id.rb:226:in `call'
actionpack (5.1.5) lib/action_dispatch/middleware/cookies.rb:613:in `call'
activerecord (5.1.5) lib/active_record/migration.rb:556:in `call'
actionpack (5.1.5) lib/action_dispatch/middleware/callbacks.rb:26:in `block in call'
activesupport (5.1.5) lib/active_support/callbacks.rb:97:in `run_callbacks'
actionpack (5.1.5) lib/action_dispatch/middleware/callbacks.rb:24:in `call'
actionpack (5.1.5) lib/action_dispatch/middleware/executor.rb:12:in `call'
actionpack (5.1.5) lib/action_dispatch/middleware/debug_exceptions.rb:59:in `call'
web-console (3.5.1) lib/web_console/middleware.rb:135:in `call_app'
web-console (3.5.1) lib/web_console/middleware.rb:28:in `block in call'
web-console (3.5.1) lib/web_console/middleware.rb:18:in `catch'
web-console (3.5.1) lib/web_console/middleware.rb:18:in `call'
actionpack (5.1.5) lib/action_dispatch/middleware/show_exceptions.rb:31:in `call'
railties (5.1.5) lib/rails/rack/logger.rb:36:in `call_app'
railties (5.1.5) lib/rails/rack/logger.rb:24:in `block in call'
activesupport (5.1.5) lib/active_support/tagged_logging.rb:69:in `block in tagged'
activesupport (5.1.5) lib/active_support/tagged_logging.rb:26:in `tagged'
activesupport (5.1.5) lib/active_support/tagged_logging.rb:69:in `tagged'
railties (5.1.5) lib/rails/rack/logger.rb:24:in `call'
sprockets-rails (3.2.1) lib/sprockets/rails/quiet_assets.rb:13:in `call'
actionpack (5.1.5) lib/action_dispatch/middleware/remote_ip.rb:79:in `call'
actionpack (5.1.5) lib/action_dispatch/middleware/request_id.rb:25:in `call'
rack (2.0.4) lib/rack/method_override.rb:22:in `call'
rack (2.0.4) lib/rack/runtime.rb:22:in `call'
activesupport (5.1.5) lib/active_support/cache/strategy/local_cache_middleware.rb:27:in `call'
actionpack (5.1.5) lib/action_dispatch/middleware/executor.rb:12:in `call'
actionpack (5.1.5) lib/action_dispatch/middleware/static.rb:125:in `call'
rack (2.0.4) lib/rack/sendfile.rb:111:in `call'
railties (5.1.5) lib/rails/engine.rb:522:in `call'
puma (3.11.2) lib/puma/configuration.rb:225:in `call'
puma (3.11.2) lib/puma/server.rb:624:in `handle_request'
puma (3.11.2) lib/puma/server.rb:438:in `process_client'
puma (3.11.2) lib/puma/server.rb:302:in `block in run'
puma (3.11.2) lib/puma/thread_pool.rb:120:in `block in spawn_thread'
Started GET "/" for 127.0.0.1 at 2018-02-27 18:55:50 -0300
Processing by HomeController#index as HTML
  Rendering home/index.html.erb within layouts/application
  Rendered home/index.html.erb within layouts/application (1.0ms)
Completed 200 OK in 1433ms (Views: 1186.6ms)


